0 info it worked if it ends with ok
1 verbose cli [ '/usr/local/bin/node', '/usr/local/bin/npm', 'publish' ]
2 info using npm@1.3.11
3 info using node@v0.10.21
4 verbose publish [ '.' ]
5 verbose cache add [ '.', null ]
6 verbose cache add name=undefined spec="." args=[".",null]
7 verbose parsed url { protocol: null,
7 verbose parsed url   slashes: null,
7 verbose parsed url   auth: null,
7 verbose parsed url   host: null,
7 verbose parsed url   port: null,
7 verbose parsed url   hostname: null,
7 verbose parsed url   hash: null,
7 verbose parsed url   search: null,
7 verbose parsed url   query: null,
7 verbose parsed url   pathname: '.',
7 verbose parsed url   path: '.',
7 verbose parsed url   href: '.' }
8 silly lockFile 3a52ce78- .
9 verbose lock . /Users/mpeg/.npm/3a52ce78-.lock
10 verbose tar pack [ '/var/folders/lf/13fh3pgn7k7bc04g2kt7xvm00000gn/T/npm-4709-oW87oAgF/1385222539293-0.8247568404767662/tmp.tgz',
10 verbose tar pack   '.' ]
11 verbose tarball /var/folders/lf/13fh3pgn7k7bc04g2kt7xvm00000gn/T/npm-4709-oW87oAgF/1385222539293-0.8247568404767662/tmp.tgz
12 verbose folder .
13 silly lockFile 1f1177db-tar tar://.
14 verbose lock tar://. /Users/mpeg/.npm/1f1177db-tar.lock
15 silly lockFile 1e0c9673-39293-0-8247568404767662-tmp-tgz tar:///var/folders/lf/13fh3pgn7k7bc04g2kt7xvm00000gn/T/npm-4709-oW87oAgF/1385222539293-0.8247568404767662/tmp.tgz
16 verbose lock tar:///var/folders/lf/13fh3pgn7k7bc04g2kt7xvm00000gn/T/npm-4709-oW87oAgF/1385222539293-0.8247568404767662/tmp.tgz /Users/mpeg/.npm/1e0c9673-39293-0-8247568404767662-tmp-tgz.lock
17 silly lockFile 1f1177db-tar tar://.
18 silly lockFile 1f1177db-tar tar://.
19 silly lockFile 1e0c9673-39293-0-8247568404767662-tmp-tgz tar:///var/folders/lf/13fh3pgn7k7bc04g2kt7xvm00000gn/T/npm-4709-oW87oAgF/1385222539293-0.8247568404767662/tmp.tgz
20 silly lockFile 1e0c9673-39293-0-8247568404767662-tmp-tgz tar:///var/folders/lf/13fh3pgn7k7bc04g2kt7xvm00000gn/T/npm-4709-oW87oAgF/1385222539293-0.8247568404767662/tmp.tgz
21 verbose tar unpack /var/folders/lf/13fh3pgn7k7bc04g2kt7xvm00000gn/T/npm-4709-oW87oAgF/1385222539293-0.8247568404767662/tmp.tgz
22 silly lockFile 3c2e6238-39293-0-8247568404767662-package tar:///var/folders/lf/13fh3pgn7k7bc04g2kt7xvm00000gn/T/npm-4709-oW87oAgF/1385222539293-0.8247568404767662/package
23 verbose lock tar:///var/folders/lf/13fh3pgn7k7bc04g2kt7xvm00000gn/T/npm-4709-oW87oAgF/1385222539293-0.8247568404767662/package /Users/mpeg/.npm/3c2e6238-39293-0-8247568404767662-package.lock
24 silly lockFile 1e0c9673-39293-0-8247568404767662-tmp-tgz tar:///var/folders/lf/13fh3pgn7k7bc04g2kt7xvm00000gn/T/npm-4709-oW87oAgF/1385222539293-0.8247568404767662/tmp.tgz
25 verbose lock tar:///var/folders/lf/13fh3pgn7k7bc04g2kt7xvm00000gn/T/npm-4709-oW87oAgF/1385222539293-0.8247568404767662/tmp.tgz /Users/mpeg/.npm/1e0c9673-39293-0-8247568404767662-tmp-tgz.lock
26 silly gunzTarPerm modes [ '755', '644' ]
27 silly gunzTarPerm extractEntry package.json
28 silly gunzTarPerm extractEntry .npmignore
29 silly gunzTarPerm extractEntry README.md
30 silly gunzTarPerm extractEntry Gruntfile.js
31 silly gunzTarPerm extractEntry index.js
32 silly gunzTarPerm extractEntry libs/async-ctx.js
33 silly gunzTarPerm extractEntry libs/break-exception.js
34 silly gunzTarPerm extractEntry libs/waterfall-ctx.js
35 silly lockFile 3c2e6238-39293-0-8247568404767662-package tar:///var/folders/lf/13fh3pgn7k7bc04g2kt7xvm00000gn/T/npm-4709-oW87oAgF/1385222539293-0.8247568404767662/package
36 silly lockFile 3c2e6238-39293-0-8247568404767662-package tar:///var/folders/lf/13fh3pgn7k7bc04g2kt7xvm00000gn/T/npm-4709-oW87oAgF/1385222539293-0.8247568404767662/package
37 silly lockFile 1e0c9673-39293-0-8247568404767662-tmp-tgz tar:///var/folders/lf/13fh3pgn7k7bc04g2kt7xvm00000gn/T/npm-4709-oW87oAgF/1385222539293-0.8247568404767662/tmp.tgz
38 silly lockFile 1e0c9673-39293-0-8247568404767662-tmp-tgz tar:///var/folders/lf/13fh3pgn7k7bc04g2kt7xvm00000gn/T/npm-4709-oW87oAgF/1385222539293-0.8247568404767662/tmp.tgz
39 verbose tar pack [ '/Users/mpeg/.npm/polite-plugin-manager/0.0.1/package.tgz',
39 verbose tar pack   '/var/folders/lf/13fh3pgn7k7bc04g2kt7xvm00000gn/T/npm-4709-oW87oAgF/1385222539293-0.8247568404767662/package' ]
40 verbose tarball /Users/mpeg/.npm/polite-plugin-manager/0.0.1/package.tgz
41 verbose folder /var/folders/lf/13fh3pgn7k7bc04g2kt7xvm00000gn/T/npm-4709-oW87oAgF/1385222539293-0.8247568404767662/package
42 silly lockFile 3c2e6238-39293-0-8247568404767662-package tar:///var/folders/lf/13fh3pgn7k7bc04g2kt7xvm00000gn/T/npm-4709-oW87oAgF/1385222539293-0.8247568404767662/package
43 verbose lock tar:///var/folders/lf/13fh3pgn7k7bc04g2kt7xvm00000gn/T/npm-4709-oW87oAgF/1385222539293-0.8247568404767662/package /Users/mpeg/.npm/3c2e6238-39293-0-8247568404767662-package.lock
44 silly lockFile d8ab9f98-plugin-manager-0-0-1-package-tgz tar:///Users/mpeg/.npm/polite-plugin-manager/0.0.1/package.tgz
45 verbose lock tar:///Users/mpeg/.npm/polite-plugin-manager/0.0.1/package.tgz /Users/mpeg/.npm/d8ab9f98-plugin-manager-0-0-1-package-tgz.lock
46 silly lockFile 3c2e6238-39293-0-8247568404767662-package tar:///var/folders/lf/13fh3pgn7k7bc04g2kt7xvm00000gn/T/npm-4709-oW87oAgF/1385222539293-0.8247568404767662/package
47 silly lockFile 3c2e6238-39293-0-8247568404767662-package tar:///var/folders/lf/13fh3pgn7k7bc04g2kt7xvm00000gn/T/npm-4709-oW87oAgF/1385222539293-0.8247568404767662/package
48 silly lockFile d8ab9f98-plugin-manager-0-0-1-package-tgz tar:///Users/mpeg/.npm/polite-plugin-manager/0.0.1/package.tgz
49 silly lockFile d8ab9f98-plugin-manager-0-0-1-package-tgz tar:///Users/mpeg/.npm/polite-plugin-manager/0.0.1/package.tgz
50 silly lockFile b822dcdc-ite-plugin-manager-0-0-1-package /Users/mpeg/.npm/polite-plugin-manager/0.0.1/package
51 verbose lock /Users/mpeg/.npm/polite-plugin-manager/0.0.1/package /Users/mpeg/.npm/b822dcdc-ite-plugin-manager-0-0-1-package.lock
52 silly lockFile b822dcdc-ite-plugin-manager-0-0-1-package /Users/mpeg/.npm/polite-plugin-manager/0.0.1/package
53 silly lockFile b822dcdc-ite-plugin-manager-0-0-1-package /Users/mpeg/.npm/polite-plugin-manager/0.0.1/package
54 verbose tar unpack /Users/mpeg/.npm/polite-plugin-manager/0.0.1/package.tgz
55 silly lockFile a45c5279-ite-plugin-manager-0-0-1-package tar:///Users/mpeg/.npm/polite-plugin-manager/0.0.1/package
56 verbose lock tar:///Users/mpeg/.npm/polite-plugin-manager/0.0.1/package /Users/mpeg/.npm/a45c5279-ite-plugin-manager-0-0-1-package.lock
57 silly lockFile d8ab9f98-plugin-manager-0-0-1-package-tgz tar:///Users/mpeg/.npm/polite-plugin-manager/0.0.1/package.tgz
58 verbose lock tar:///Users/mpeg/.npm/polite-plugin-manager/0.0.1/package.tgz /Users/mpeg/.npm/d8ab9f98-plugin-manager-0-0-1-package-tgz.lock
59 silly gunzTarPerm modes [ '755', '644' ]
60 silly gunzTarPerm extractEntry package.json
61 silly gunzTarPerm extractEntry .npmignore
62 silly gunzTarPerm extractEntry README.md
63 silly gunzTarPerm extractEntry Gruntfile.js
64 silly gunzTarPerm extractEntry index.js
65 silly gunzTarPerm extractEntry libs/async-ctx.js
66 silly gunzTarPerm extractEntry libs/break-exception.js
67 silly gunzTarPerm extractEntry libs/waterfall-ctx.js
68 silly lockFile a45c5279-ite-plugin-manager-0-0-1-package tar:///Users/mpeg/.npm/polite-plugin-manager/0.0.1/package
69 silly lockFile a45c5279-ite-plugin-manager-0-0-1-package tar:///Users/mpeg/.npm/polite-plugin-manager/0.0.1/package
70 silly lockFile d8ab9f98-plugin-manager-0-0-1-package-tgz tar:///Users/mpeg/.npm/polite-plugin-manager/0.0.1/package.tgz
71 silly lockFile d8ab9f98-plugin-manager-0-0-1-package-tgz tar:///Users/mpeg/.npm/polite-plugin-manager/0.0.1/package.tgz
72 verbose chmod /Users/mpeg/.npm/polite-plugin-manager/0.0.1/package.tgz 644
73 verbose chown /Users/mpeg/.npm/polite-plugin-manager/0.0.1/package.tgz [ 501, 20 ]
74 silly lockFile 3a52ce78- .
75 silly lockFile 3a52ce78- .
76 silly publish { name: 'polite-plugin-manager',
76 silly publish   version: '0.0.1',
76 silly publish   description: 'Stuning plugin manager for NodeJS',
76 silly publish   main: 'index.js',
76 silly publish   scripts: { test: 'grunt specs' },
76 silly publish   keywords: [ 'plugin', 'plugins', 'extension', 'extensibility' ],
76 silly publish   author: { name: 'Marco Pegoraro', url: 'http://movableapp.com' },
76 silly publish   repository:
76 silly publish    { type: 'git',
76 silly publish      url: 'https://github.com/PoliteJS/polite-plugin-manager' },
76 silly publish   licenses: [ { type: 'MIT' } ],
76 silly publish   dependencies: { extend: '~1.2.1', async: '~0.2.9' },
76 silly publish   devDependencies:
76 silly publish    { grunt: '~0.4.2',
76 silly publish      'grunt-mocha-chai-sinon': '0.0.7',
76 silly publish      'grunt-contrib-clean': '~0.5.0',
76 silly publish      'grunt-contrib-watch': '~0.5.3',
76 silly publish      'grunt-open': '~0.2.2' },
76 silly publish   readme: 'polite-plugin-manager\n=====================\n\nCool plugin manager\n',
76 silly publish   readmeFilename: 'README.md',
76 silly publish   bugs: { url: 'https://github.com/PoliteJS/polite-plugin-manager/issues' },
76 silly publish   _id: 'polite-plugin-manager@0.0.1',
76 silly publish   dist: { shasum: '0f90f9c35a0db1764e849cd9dc085f2e1ccbb048' },
76 silly publish   _from: '.' }
77 verbose url raw polite-plugin-manager
78 verbose url resolving [ 'https://registry.npmjs.org/', './polite-plugin-manager' ]
79 verbose url resolved https://registry.npmjs.org/polite-plugin-manager
80 info trying registry request attempt 1 at 17:02:19
81 http PUT https://registry.npmjs.org/polite-plugin-manager
82 http 409 https://registry.npmjs.org/polite-plugin-manager
83 verbose url raw polite-plugin-manager
84 verbose url resolving [ 'https://registry.npmjs.org/', './polite-plugin-manager' ]
85 verbose url resolved https://registry.npmjs.org/polite-plugin-manager
86 info trying registry request attempt 1 at 17:02:21
87 http GET https://registry.npmjs.org/polite-plugin-manager
88 http 200 https://registry.npmjs.org/polite-plugin-manager
89 error publish fail Cannot publish over existing version.
89 error publish fail Update the 'version' field in package.json and try again.
89 error publish fail
89 error publish fail If the previous version was published in error, see:
89 error publish fail     npm help unpublish
89 error publish fail
89 error publish fail To automatically increment version numbers, see:
89 error publish fail     npm help version
90 error System Darwin 13.0.0
91 error command "/usr/local/bin/node" "/usr/local/bin/npm" "publish"
92 error cwd /Users/mpeg/Repos/PoliteJS/polite-plugin-manager
93 error node -v v0.10.21
94 error npm -v 1.3.11
95 error code EPUBLISHCONFLICT
96 verbose exit [ 1, true ]
